<?xml version="1.0" encoding="UTF-8"?>
<!-- Generated by org.testng.reporters.JUnitXMLReporter -->
<testsuite ignored="2" hostname="DESKTOP-L6MIHDM" failures="0" tests="5" name="Car Loan" time="0.061" errors="0" timestamp="2023-03-10T13:41:16 EET">
  <testcase classname="test.day3" name="MobileLogincarLoan" time="0.007"/>
  <testcase classname="test.day3" name="MobileSignoutcarLoan" time="0.004"/>
  <testcase classname="test.day3" name="MobileSignoutcarLoan" time="0.001"/>
  <testcase classname="test.day3" name="MobileSignoutcarLoan" time="0.001"/>
  <testcase classname="test.day3" name="WebLogincarLoan" time="0.002"/>
  <testcase classname="test.day3" name="APIcarLoan" time="0.0">
    <ignored/>
  </testcase> <!-- APIcarLoan -->
  <testcase classname="test.day3" name="MobileSignincarLoan" time="0.0">
    <ignored/>
  </testcase> <!-- MobileSignincarLoan -->
</testsuite> <!-- Car Loan -->
