<?xml version="1.0" encoding="UTF-8"?>
<!-- Generated by org.testng.reporters.JUnitXMLReporter -->
<testsuite ignored="4" hostname="DESKTOP-L6MIHDM" failures="0" tests="7" name="Regression" time="0.212" errors="0" timestamp="2023-02-02T10:42:05 EET">
  <testcase classname="test.day1" name="SecondTest" time="0.015"/>
  <testcase classname="test.day4" name="LoginAPIHomeLoan" time="0.004"/>
  <testcase classname="test.day4" name="WebLoginHomeLoan" time="0.005"/>
  <testcase classname="test.day3" name="APIcarLoan" time="0.004"/>
  <testcase classname="test.day3" name="MobileSignincarLoan" time="0.007"/>
  <testcase classname="test.day3" name="MobileSignoutcarLoan" time="0.009"/>
  <testcase classname="test.day3" name="WebLogincarLoan" time="0.004"/>
  <testcase classname="test.day2" name="ploan" time="0.0">
    <ignored/>
  </testcase> <!-- ploan -->
  <testcase classname="test.day3" name="MobileLogincarLoan" time="0.0">
    <ignored/>
  </testcase> <!-- MobileLogincarLoan -->
  <testcase classname="test.day1" name="Demo" time="0.0">
    <ignored/>
  </testcase> <!-- Demo -->
  <testcase classname="test.day4" name="MobileLoginHomeLoan" time="0.0">
    <ignored/>
  </testcase> <!-- MobileLoginHomeLoan -->
</testsuite> <!-- Regression -->
