<?xml version="1.0" encoding="UTF-8"?>
<testng-results ignored="3" total="13" passed="10" failed="0" skipped="0">
  <reporter-output>
  </reporter-output>
  <suite started-at="2023-03-10T13:41:16 EET" name="Loan Department" finished-at="2023-03-10T13:41:16 EET" duration-ms="61">
    <groups>
      <group name="Smoke">
        <method signature="day2.ploan()[pri:0, instance:test.day2@1139b2f3]" name="ploan" class="test.day2"/>
        <method signature="day4.MobileLoginHomeLoan()[pri:0, instance:test.day4@7a69b07]" name="MobileLoginHomeLoan" class="test.day4"/>
        <method signature="day3.MobileLogincarLoan()[pri:0, instance:test.day3@47af7f3d]" name="MobileLogincarLoan" class="test.day3"/>
      </group> <!-- Smoke -->
    </groups>
    <test started-at="2023-03-10T13:41:16 EET" name="Personal loan" finished-at="2023-03-10T13:41:16 EET" duration-ms="52">
      <class name="test.day4">
        <test-method signature="LoginAPIHomeLoan()[pri:0, instance:test.day4@7a69b07]" started-at="2023-03-10T13:41:16 EET" name="LoginAPIHomeLoan" finished-at="2023-03-10T13:41:16 EET" duration-ms="1" status="PASS">
          <reporter-output>
          </reporter-output>
        </test-method> <!-- LoginAPIHomeLoan -->
        <test-method signature="MobileLoginHomeLoan()[pri:0, instance:test.day4@7a69b07]" started-at="2023-03-10T13:41:16 EET" name="MobileLoginHomeLoan" finished-at="2023-03-10T13:41:16 EET" duration-ms="2" status="PASS">
          <reporter-output>
          </reporter-output>
        </test-method> <!-- MobileLoginHomeLoan -->
        <test-method signature="WebLoginHomeLoan(java.lang.String)[pri:0, instance:test.day4@7a69b07]" started-at="2023-03-10T13:41:16 EET" name="WebLoginHomeLoan" finished-at="2023-03-10T13:41:16 EET" duration-ms="3" status="PASS">
          <params>
            <param index="0">
              <value>
                <![CDATA[personalLoan.com]]>
              </value>
            </param>
          </params>
          <reporter-output>
          </reporter-output>
        </test-method> <!-- WebLoginHomeLoan -->
      </class> <!-- test.day4 -->
      <class name="test.day2">
        <test-method is-config="true" signature="preexecution()[pri:0, instance:test.day2@1139b2f3]" started-at="2023-03-10T13:41:16 EET" name="preexecution" finished-at="2023-03-10T13:41:16 EET" duration-ms="1" status="PASS">
          <reporter-output>
          </reporter-output>
        </test-method> <!-- preexecution -->
        <test-method signature="ploan()[pri:0, instance:test.day2@1139b2f3]" started-at="2023-03-10T13:41:16 EET" name="ploan" finished-at="2023-03-10T13:41:16 EET" duration-ms="2" status="PASS">
          <reporter-output>
          </reporter-output>
        </test-method> <!-- ploan -->
      </class> <!-- test.day2 -->
      <class name="test.day1">
        <test-method signature="Demo()[pri:0, instance:test.day1@48ae9b55]" started-at="2023-03-10T13:41:16 EET" name="Demo" finished-at="2023-03-10T13:41:16 EET" duration-ms="10" status="PASS">
          <reporter-output>
          </reporter-output>
        </test-method> <!-- Demo -->
        <test-method is-config="true" signature="lastexecution()[pri:0, instance:test.day1@48ae9b55]" started-at="2023-03-10T13:41:16 EET" name="lastexecution" finished-at="2023-03-10T13:41:16 EET" duration-ms="0" status="PASS">
          <reporter-output>
          </reporter-output>
        </test-method> <!-- lastexecution -->
      </class> <!-- test.day1 -->
    </test> <!-- Personal loan -->
    <test started-at="2023-03-10T13:41:16 EET" name="Car Loan" finished-at="2023-03-10T13:41:16 EET" duration-ms="61">
      <class name="test.day3">
        <test-method is-config="true" signature="Bfsuite()[pri:0, instance:test.day3@47af7f3d]" started-at="2023-03-10T13:41:16 EET" name="Bfsuite" finished-at="2023-03-10T13:41:16 EET" duration-ms="7" status="PASS">
          <reporter-output>
          </reporter-output>
        </test-method> <!-- Bfsuite -->
        <test-method is-config="true" signature="beforeclass()[pri:0, instance:test.day3@47af7f3d]" started-at="2023-03-10T13:41:16 EET" name="beforeclass" finished-at="2023-03-10T13:41:16 EET" duration-ms="0" status="PASS">
          <reporter-output>
          </reporter-output>
        </test-method> <!-- beforeclass -->
        <test-method is-config="true" signature="beforeevery()[pri:0, instance:test.day3@47af7f3d]" started-at="2023-03-10T13:41:16 EET" name="beforeevery" finished-at="2023-03-10T13:41:16 EET" duration-ms="0" status="PASS">
          <reporter-output>
          </reporter-output>
        </test-method> <!-- beforeevery -->
        <test-method signature="MobileLogincarLoan()[pri:0, instance:test.day3@47af7f3d]" started-at="2023-03-10T13:41:16 EET" name="MobileLogincarLoan" finished-at="2023-03-10T13:41:16 EET" duration-ms="7" status="PASS">
          <reporter-output>
          </reporter-output>
        </test-method> <!-- MobileLogincarLoan -->
        <test-method is-config="true" signature="afterevery()[pri:0, instance:test.day3@47af7f3d]" started-at="2023-03-10T13:41:16 EET" name="afterevery" finished-at="2023-03-10T13:41:16 EET" duration-ms="1" status="PASS">
          <reporter-output>
          </reporter-output>
        </test-method> <!-- afterevery -->
        <test-method signature="MobileSignoutcarLoan(java.lang.String,java.lang.String)[pri:0, instance:test.day3@47af7f3d]" started-at="2023-03-10T13:41:16 EET" name="MobileSignoutcarLoan" data-provider="getData" finished-at="2023-03-10T13:41:16 EET" duration-ms="4" status="PASS">
          <params>
            <param index="0">
              <value>
                <![CDATA[firstsetusername]]>
              </value>
            </param>
            <param index="1">
              <value>
                <![CDATA[firstpassword]]>
              </value>
            </param>
          </params>
          <reporter-output>
          </reporter-output>
        </test-method> <!-- MobileSignoutcarLoan -->
        <test-method is-config="true" signature="beforeevery()[pri:0, instance:test.day3@47af7f3d]" started-at="2023-03-10T13:41:16 EET" name="beforeevery" finished-at="2023-03-10T13:41:16 EET" duration-ms="0" status="PASS">
          <reporter-output>
          </reporter-output>
        </test-method> <!-- beforeevery -->
        <test-method is-config="true" signature="afterevery()[pri:0, instance:test.day3@47af7f3d]" started-at="2023-03-10T13:41:16 EET" name="afterevery" finished-at="2023-03-10T13:41:16 EET" duration-ms="0" status="PASS">
          <reporter-output>
          </reporter-output>
        </test-method> <!-- afterevery -->
        <test-method is-config="true" signature="beforeevery()[pri:0, instance:test.day3@47af7f3d]" started-at="2023-03-10T13:41:16 EET" name="beforeevery" finished-at="2023-03-10T13:41:16 EET" duration-ms="2" status="PASS">
          <reporter-output>
          </reporter-output>
        </test-method> <!-- beforeevery -->
        <test-method signature="MobileSignoutcarLoan(java.lang.String,java.lang.String)[pri:0, instance:test.day3@47af7f3d]" started-at="2023-03-10T13:41:16 EET" name="MobileSignoutcarLoan" data-provider="getData" finished-at="2023-03-10T13:41:16 EET" duration-ms="1" status="PASS">
          <params>
            <param index="0">
              <value>
                <![CDATA[secondsetusername]]>
              </value>
            </param>
            <param index="1">
              <value>
                <![CDATA[secondpassword]]>
              </value>
            </param>
          </params>
          <reporter-output>
          </reporter-output>
        </test-method> <!-- MobileSignoutcarLoan -->
        <test-method is-config="true" signature="afterevery()[pri:0, instance:test.day3@47af7f3d]" started-at="2023-03-10T13:41:16 EET" name="afterevery" finished-at="2023-03-10T13:41:16 EET" duration-ms="0" status="PASS">
          <reporter-output>
          </reporter-output>
        </test-method> <!-- afterevery -->
        <test-method is-config="true" signature="beforeevery()[pri:0, instance:test.day3@47af7f3d]" started-at="2023-03-10T13:41:16 EET" name="beforeevery" finished-at="2023-03-10T13:41:16 EET" duration-ms="0" status="PASS">
          <reporter-output>
          </reporter-output>
        </test-method> <!-- beforeevery -->
        <test-method signature="MobileSignoutcarLoan(java.lang.String,java.lang.String)[pri:0, instance:test.day3@47af7f3d]" started-at="2023-03-10T13:41:16 EET" name="MobileSignoutcarLoan" data-provider="getData" finished-at="2023-03-10T13:41:16 EET" duration-ms="1" status="PASS">
          <params>
            <param index="0">
              <value>
                <![CDATA[thirdsetusername]]>
              </value>
            </param>
            <param index="1">
              <value>
                <![CDATA[thirdpassword]]>
              </value>
            </param>
          </params>
          <reporter-output>
          </reporter-output>
        </test-method> <!-- MobileSignoutcarLoan -->
        <test-method is-config="true" signature="afterevery()[pri:0, instance:test.day3@47af7f3d]" started-at="2023-03-10T13:41:16 EET" name="afterevery" finished-at="2023-03-10T13:41:16 EET" duration-ms="0" status="PASS">
          <reporter-output>
          </reporter-output>
        </test-method> <!-- afterevery -->
        <test-method is-config="true" signature="beforeevery()[pri:0, instance:test.day3@47af7f3d]" started-at="2023-03-10T13:41:16 EET" name="beforeevery" finished-at="2023-03-10T13:41:16 EET" duration-ms="0" status="PASS">
          <reporter-output>
          </reporter-output>
        </test-method> <!-- beforeevery -->
        <test-method signature="WebLogincarLoan(java.lang.String,java.lang.String)[pri:0, instance:test.day3@47af7f3d]" started-at="2023-03-10T13:41:16 EET" name="WebLogincarLoan" finished-at="2023-03-10T13:41:16 EET" duration-ms="2" status="PASS">
          <params>
            <param index="0">
              <value>
                <![CDATA[carLoan.com]]>
              </value>
            </param>
            <param index="1">
              <value>
                <![CDATA[123456]]>
              </value>
            </param>
          </params>
          <reporter-output>
          </reporter-output>
        </test-method> <!-- WebLogincarLoan -->
        <test-method is-config="true" signature="afterclass()[pri:0, instance:test.day3@47af7f3d]" started-at="2023-03-10T13:41:16 EET" name="afterclass" finished-at="2023-03-10T13:41:16 EET" duration-ms="2" status="PASS">
          <reporter-output>
          </reporter-output>
        </test-method> <!-- afterclass -->
        <test-method is-config="true" signature="afterevery()[pri:0, instance:test.day3@47af7f3d]" started-at="2023-03-10T13:41:16 EET" name="afterevery" finished-at="2023-03-10T13:41:16 EET" duration-ms="0" status="PASS">
          <reporter-output>
          </reporter-output>
        </test-method> <!-- afterevery -->
      </class> <!-- test.day3 -->
      <class name="test.day1">
        <test-method is-config="true" signature="Afsuite()[pri:0, instance:test.day1@48ae9b55]" started-at="2023-03-10T13:41:16 EET" name="Afsuite" finished-at="2023-03-10T13:41:16 EET" duration-ms="2" status="PASS">
          <reporter-output>
          </reporter-output>
        </test-method> <!-- Afsuite -->
      </class> <!-- test.day1 -->
    </test> <!-- Car Loan -->
  </suite> <!-- Loan Department -->
</testng-results>
